[debug] [2022-02-13T20:53:21.180Z] ----------------------------------------------------------------------
[debug] [2022-02-13T20:53:21.182Z] Command:       /usr/local/bin/node /usr/local/bin/firebase init
[debug] [2022-02-13T20:53:21.182Z] CLI Version:   10.2.0
[debug] [2022-02-13T20:53:21.182Z] Platform:      darwin
[debug] [2022-02-13T20:53:21.182Z] Node Version:  v16.13.1
[debug] [2022-02-13T20:53:21.183Z] Time:          Sun Feb 13 2022 21:53:21 GMT+0100 (Central European Standard Time)
[debug] [2022-02-13T20:53:21.184Z] ----------------------------------------------------------------------
[debug] 
[debug] [2022-02-13T20:53:21.189Z] > command requires scopes: ["email","openid","https://www.googleapis.com/auth/cloudplatformprojects.readonly","https://www.googleapis.com/auth/firebase","https://www.googleapis.com/auth/cloud-platform"]
[debug] [2022-02-13T20:53:21.189Z] > authorizing via signed-in user (salahuddin.hissamuddin@gmail.com)
[info] 
     ######## #### ########  ######## ########     ###     ######  ########
     ##        ##  ##     ## ##       ##     ##  ##   ##  ##       ##
     ######    ##  ########  ######   ########  #########  ######  ######
     ##        ##  ##    ##  ##       ##     ## ##     ##       ## ##
     ##       #### ##     ## ######## ########  ##     ##  ######  ########

You're about to initialize a Firebase project in this directory:

  /Users/shissam/Desktop/web-projects/chatjs

[debug] [2022-02-14T14:16:01.160Z] ----------------------------------------------------------------------
[debug] [2022-02-14T14:16:01.161Z] Command:       /usr/local/bin/node /usr/local/bin/firebase init
[debug] [2022-02-14T14:16:01.162Z] CLI Version:   10.2.0
[debug] [2022-02-14T14:16:01.162Z] Platform:      darwin
[debug] [2022-02-14T14:16:01.162Z] Node Version:  v16.13.1
[debug] [2022-02-14T14:16:01.163Z] Time:          Mon Feb 14 2022 15:16:01 GMT+0100 (Central European Standard Time)
[debug] [2022-02-14T14:16:01.163Z] ----------------------------------------------------------------------
[debug] 
[debug] [2022-02-14T14:16:01.170Z] > command requires scopes: ["email","openid","https://www.googleapis.com/auth/cloudplatformprojects.readonly","https://www.googleapis.com/auth/firebase","https://www.googleapis.com/auth/cloud-platform"]
[debug] [2022-02-14T14:16:01.170Z] > authorizing via signed-in user (salahuddin.hissamuddin@gmail.com)
[info] 
     ######## #### ########  ######## ########     ###     ######  ########
     ##        ##  ##     ## ##       ##     ##  ##   ##  ##       ##
     ######    ##  ########  ######   ########  #########  ######  ######
     ##        ##  ##    ##  ##       ##     ## ##     ##       ## ##
     ##       #### ##     ## ######## ########  ##     ##  ######  ########

You're about to initialize a Firebase project in this directory:

  /Users/shissam/Desktop/web-projects/chatjs

